ERROR - 2023-12-10 16:47:30 --> mysqli_sql_exception: Column 'dateSecondR_reu' cannot be null in /home/2023DIFAL3/e21803762/public_html/V2/ci/system/Database/MySQLi/Connection.php:306
Stack trace:
#0 /home/2023DIFAL3/e21803762/public_html/V2/ci/system/Database/MySQLi/Connection.php(306): mysqli->query()
#1 /home/2023DIFAL3/e21803762/public_html/V2/ci/system/Database/BaseConnection.php(693): CodeIgniter\Database\MySQLi\Connection->execute()
#2 /home/2023DIFAL3/e21803762/public_html/V2/ci/system/Database/BaseConnection.php(607): CodeIgniter\Database\BaseConnection->simpleQuery()
#3 /home/2023DIFAL3/e21803762/public_html/V2/ci/app/Models/Db_model.php(213): CodeIgniter\Database\BaseConnection->query()
#4 /home/2023DIFAL3/e21803762/public_html/V2/ci/app/Controllers/Scenario.php(95): App\Models\Db_model->inserer_joueur()
#5 /home/2023DIFAL3/e21803762/public_html/V2/ci/system/CodeIgniter.php(942): App\Controllers\Scenario->finir_scenario()
#6 /home/2023DIFAL3/e21803762/public_html/V2/ci/system/CodeIgniter.php(502): CodeIgniter\CodeIgniter->runController()
#7 /home/2023DIFAL3/e21803762/public_html/V2/ci/system/CodeIgniter.php(361): CodeIgniter\CodeIgniter->handleRequest()
#8 /home/2023DIFAL3/e21803762/public_html/V2/ci/public/index.php(79): CodeIgniter\CodeIgniter->run()
#9 {main}
CRITICAL - 2023-12-10 16:47:30 --> chmod() has been disabled for security reasons
in SYSTEMPATH/Log/Handlers/FileHandler.php on line 119.
 1 [internal function]: CodeIgniter\Debug\Exceptions->errorHandler()
 2 SYSTEMPATH/Log/Handlers/FileHandler.php(119): chmod()
 3 SYSTEMPATH/Log/Logger.php(294): CodeIgniter\Log\Handlers\FileHandler->handle()
 4 SYSTEMPATH/Common.php(810): CodeIgniter\Log\Logger->log()
 5 SYSTEMPATH/Database/MySQLi/Connection.php(308): log_message()
 6 SYSTEMPATH/Database/BaseConnection.php(693): CodeIgniter\Database\MySQLi\Connection->execute()
 7 SYSTEMPATH/Database/BaseConnection.php(607): CodeIgniter\Database\BaseConnection->simpleQuery()
 8 APPPATH/Models/Db_model.php(213): CodeIgniter\Database\BaseConnection->query()
 9 APPPATH/Controllers/Scenario.php(95): App\Models\Db_model->inserer_joueur()
10 SYSTEMPATH/CodeIgniter.php(942): App\Controllers\Scenario->finir_scenario()
11 SYSTEMPATH/CodeIgniter.php(502): CodeIgniter\CodeIgniter->runController()
12 SYSTEMPATH/CodeIgniter.php(361): CodeIgniter\CodeIgniter->handleRequest()
13 FCPATH/index.php(79): CodeIgniter\CodeIgniter->run()
ERROR - 2023-12-10 16:47:34 --> mysqli_sql_exception: Subquery returns more than 1 row in /home/2023DIFAL3/e21803762/public_html/V2/ci/system/Database/MySQLi/Connection.php:306
Stack trace:
#0 /home/2023DIFAL3/e21803762/public_html/V2/ci/system/Database/MySQLi/Connection.php(306): mysqli->query()
#1 /home/2023DIFAL3/e21803762/public_html/V2/ci/system/Database/BaseConnection.php(693): CodeIgniter\Database\MySQLi\Connection->execute()
#2 /home/2023DIFAL3/e21803762/public_html/V2/ci/system/Database/BaseConnection.php(607): CodeIgniter\Database\BaseConnection->simpleQuery()
#3 /home/2023DIFAL3/e21803762/public_html/V2/ci/app/Models/Db_model.php(213): CodeIgniter\Database\BaseConnection->query()
#4 /home/2023DIFAL3/e21803762/public_html/V2/ci/app/Controllers/Scenario.php(95): App\Models\Db_model->inserer_joueur()
#5 /home/2023DIFAL3/e21803762/public_html/V2/ci/system/CodeIgniter.php(942): App\Controllers\Scenario->finir_scenario()
#6 /home/2023DIFAL3/e21803762/public_html/V2/ci/system/CodeIgniter.php(502): CodeIgniter\CodeIgniter->runController()
#7 /home/2023DIFAL3/e21803762/public_html/V2/ci/system/CodeIgniter.php(361): CodeIgniter\CodeIgniter->handleRequest()
#8 /home/2023DIFAL3/e21803762/public_html/V2/ci/public/index.php(79): CodeIgniter\CodeIgniter->run()
#9 {main}
CRITICAL - 2023-12-10 16:47:34 --> Subquery returns more than 1 row
in SYSTEMPATH/Database/BaseConnection.php on line 647.
 1 APPPATH/Models/Db_model.php(213): CodeIgniter\Database\BaseConnection->query()
 2 APPPATH/Controllers/Scenario.php(95): App\Models\Db_model->inserer_joueur()
 3 SYSTEMPATH/CodeIgniter.php(942): App\Controllers\Scenario->finir_scenario()
 4 SYSTEMPATH/CodeIgniter.php(502): CodeIgniter\CodeIgniter->runController()
 5 SYSTEMPATH/CodeIgniter.php(361): CodeIgniter\CodeIgniter->handleRequest()
 6 FCPATH/index.php(79): CodeIgniter\CodeIgniter->run()
ERROR - 2023-12-10 16:50:39 --> mysqli_sql_exception: Column 'dateSecondR_reu' cannot be null in /home/2023DIFAL3/e21803762/public_html/V2/ci/system/Database/MySQLi/Connection.php:306
Stack trace:
#0 /home/2023DIFAL3/e21803762/public_html/V2/ci/system/Database/MySQLi/Connection.php(306): mysqli->query()
#1 /home/2023DIFAL3/e21803762/public_html/V2/ci/system/Database/BaseConnection.php(693): CodeIgniter\Database\MySQLi\Connection->execute()
#2 /home/2023DIFAL3/e21803762/public_html/V2/ci/system/Database/BaseConnection.php(607): CodeIgniter\Database\BaseConnection->simpleQuery()
#3 /home/2023DIFAL3/e21803762/public_html/V2/ci/app/Models/Db_model.php(213): CodeIgniter\Database\BaseConnection->query()
#4 /home/2023DIFAL3/e21803762/public_html/V2/ci/app/Controllers/Scenario.php(95): App\Models\Db_model->inserer_joueur()
#5 /home/2023DIFAL3/e21803762/public_html/V2/ci/system/CodeIgniter.php(942): App\Controllers\Scenario->finir_scenario()
#6 /home/2023DIFAL3/e21803762/public_html/V2/ci/system/CodeIgniter.php(502): CodeIgniter\CodeIgniter->runController()
#7 /home/2023DIFAL3/e21803762/public_html/V2/ci/system/CodeIgniter.php(361): CodeIgniter\CodeIgniter->handleRequest()
#8 /home/2023DIFAL3/e21803762/public_html/V2/ci/public/index.php(79): CodeIgniter\CodeIgniter->run()
#9 {main}
CRITICAL - 2023-12-10 16:50:39 --> Column 'dateSecondR_reu' cannot be null
in SYSTEMPATH/Database/BaseConnection.php on line 647.
 1 APPPATH/Models/Db_model.php(213): CodeIgniter\Database\BaseConnection->query()
 2 APPPATH/Controllers/Scenario.php(95): App\Models\Db_model->inserer_joueur()
 3 SYSTEMPATH/CodeIgniter.php(942): App\Controllers\Scenario->finir_scenario()
 4 SYSTEMPATH/CodeIgniter.php(502): CodeIgniter\CodeIgniter->runController()
 5 SYSTEMPATH/CodeIgniter.php(361): CodeIgniter\CodeIgniter->handleRequest()
 6 FCPATH/index.php(79): CodeIgniter\CodeIgniter->run()
ERROR - 2023-12-10 16:51:19 --> mysqli_sql_exception: Subquery returns more than 1 row in /home/2023DIFAL3/e21803762/public_html/V2/ci/system/Database/MySQLi/Connection.php:306
Stack trace:
#0 /home/2023DIFAL3/e21803762/public_html/V2/ci/system/Database/MySQLi/Connection.php(306): mysqli->query()
#1 /home/2023DIFAL3/e21803762/public_html/V2/ci/system/Database/BaseConnection.php(693): CodeIgniter\Database\MySQLi\Connection->execute()
#2 /home/2023DIFAL3/e21803762/public_html/V2/ci/system/Database/BaseConnection.php(607): CodeIgniter\Database\BaseConnection->simpleQuery()
#3 /home/2023DIFAL3/e21803762/public_html/V2/ci/app/Models/Db_model.php(213): CodeIgniter\Database\BaseConnection->query()
#4 /home/2023DIFAL3/e21803762/public_html/V2/ci/app/Controllers/Scenario.php(95): App\Models\Db_model->inserer_joueur()
#5 /home/2023DIFAL3/e21803762/public_html/V2/ci/system/CodeIgniter.php(942): App\Controllers\Scenario->finir_scenario()
#6 /home/2023DIFAL3/e21803762/public_html/V2/ci/system/CodeIgniter.php(502): CodeIgniter\CodeIgniter->runController()
#7 /home/2023DIFAL3/e21803762/public_html/V2/ci/system/CodeIgniter.php(361): CodeIgniter\CodeIgniter->handleRequest()
#8 /home/2023DIFAL3/e21803762/public_html/V2/ci/public/index.php(79): CodeIgniter\CodeIgniter->run()
#9 {main}
CRITICAL - 2023-12-10 16:51:19 --> Subquery returns more than 1 row
in SYSTEMPATH/Database/BaseConnection.php on line 647.
 1 APPPATH/Models/Db_model.php(213): CodeIgniter\Database\BaseConnection->query()
 2 APPPATH/Controllers/Scenario.php(95): App\Models\Db_model->inserer_joueur()
 3 SYSTEMPATH/CodeIgniter.php(942): App\Controllers\Scenario->finir_scenario()
 4 SYSTEMPATH/CodeIgniter.php(502): CodeIgniter\CodeIgniter->runController()
 5 SYSTEMPATH/CodeIgniter.php(361): CodeIgniter\CodeIgniter->handleRequest()
 6 FCPATH/index.php(79): CodeIgniter\CodeIgniter->run()
ERROR - 2023-12-10 16:54:49 --> mysqli_sql_exception: Subquery returns more than 1 row in /home/2023DIFAL3/e21803762/public_html/V2/ci/system/Database/MySQLi/Connection.php:306
Stack trace:
#0 /home/2023DIFAL3/e21803762/public_html/V2/ci/system/Database/MySQLi/Connection.php(306): mysqli->query()
#1 /home/2023DIFAL3/e21803762/public_html/V2/ci/system/Database/BaseConnection.php(693): CodeIgniter\Database\MySQLi\Connection->execute()
#2 /home/2023DIFAL3/e21803762/public_html/V2/ci/system/Database/BaseConnection.php(607): CodeIgniter\Database\BaseConnection->simpleQuery()
#3 /home/2023DIFAL3/e21803762/public_html/V2/ci/app/Models/Db_model.php(213): CodeIgniter\Database\BaseConnection->query()
#4 /home/2023DIFAL3/e21803762/public_html/V2/ci/app/Controllers/Scenario.php(95): App\Models\Db_model->inserer_joueur()
#5 /home/2023DIFAL3/e21803762/public_html/V2/ci/system/CodeIgniter.php(942): App\Controllers\Scenario->finir_scenario()
#6 /home/2023DIFAL3/e21803762/public_html/V2/ci/system/CodeIgniter.php(502): CodeIgniter\CodeIgniter->runController()
#7 /home/2023DIFAL3/e21803762/public_html/V2/ci/system/CodeIgniter.php(361): CodeIgniter\CodeIgniter->handleRequest()
#8 /home/2023DIFAL3/e21803762/public_html/V2/ci/public/index.php(79): CodeIgniter\CodeIgniter->run()
#9 {main}
CRITICAL - 2023-12-10 16:54:49 --> Subquery returns more than 1 row
in SYSTEMPATH/Database/BaseConnection.php on line 647.
 1 APPPATH/Models/Db_model.php(213): CodeIgniter\Database\BaseConnection->query()
 2 APPPATH/Controllers/Scenario.php(95): App\Models\Db_model->inserer_joueur()
 3 SYSTEMPATH/CodeIgniter.php(942): App\Controllers\Scenario->finir_scenario()
 4 SYSTEMPATH/CodeIgniter.php(502): CodeIgniter\CodeIgniter->runController()
 5 SYSTEMPATH/CodeIgniter.php(361): CodeIgniter\CodeIgniter->handleRequest()
 6 FCPATH/index.php(79): CodeIgniter\CodeIgniter->run()
ERROR - 2023-12-10 16:55:14 --> mysqli_sql_exception: Subquery returns more than 1 row in /home/2023DIFAL3/e21803762/public_html/V2/ci/system/Database/MySQLi/Connection.php:306
Stack trace:
#0 /home/2023DIFAL3/e21803762/public_html/V2/ci/system/Database/MySQLi/Connection.php(306): mysqli->query()
#1 /home/2023DIFAL3/e21803762/public_html/V2/ci/system/Database/BaseConnection.php(693): CodeIgniter\Database\MySQLi\Connection->execute()
#2 /home/2023DIFAL3/e21803762/public_html/V2/ci/system/Database/BaseConnection.php(607): CodeIgniter\Database\BaseConnection->simpleQuery()
#3 /home/2023DIFAL3/e21803762/public_html/V2/ci/app/Models/Db_model.php(213): CodeIgniter\Database\BaseConnection->query()
#4 /home/2023DIFAL3/e21803762/public_html/V2/ci/app/Controllers/Scenario.php(95): App\Models\Db_model->inserer_joueur()
#5 /home/2023DIFAL3/e21803762/public_html/V2/ci/system/CodeIgniter.php(942): App\Controllers\Scenario->finir_scenario()
#6 /home/2023DIFAL3/e21803762/public_html/V2/ci/system/CodeIgniter.php(502): CodeIgniter\CodeIgniter->runController()
#7 /home/2023DIFAL3/e21803762/public_html/V2/ci/system/CodeIgniter.php(361): CodeIgniter\CodeIgniter->handleRequest()
#8 /home/2023DIFAL3/e21803762/public_html/V2/ci/public/index.php(79): CodeIgniter\CodeIgniter->run()
#9 {main}
CRITICAL - 2023-12-10 16:55:14 --> Subquery returns more than 1 row
in SYSTEMPATH/Database/BaseConnection.php on line 647.
 1 APPPATH/Models/Db_model.php(213): CodeIgniter\Database\BaseConnection->query()
 2 APPPATH/Controllers/Scenario.php(95): App\Models\Db_model->inserer_joueur()
 3 SYSTEMPATH/CodeIgniter.php(942): App\Controllers\Scenario->finir_scenario()
 4 SYSTEMPATH/CodeIgniter.php(502): CodeIgniter\CodeIgniter->runController()
 5 SYSTEMPATH/CodeIgniter.php(361): CodeIgniter\CodeIgniter->handleRequest()
 6 FCPATH/index.php(79): CodeIgniter\CodeIgniter->run()
INFO - 2023-12-10 17:11:53 --> Session: Class initialized using 'CodeIgniter\Session\Handlers\FileHandler' driver.
CRITICAL - 2023-12-10 17:12:16 --> Call to undefined method CodeIgniter\Database\MySQLi\Connection::get()
in APPPATH/Models/Db_model.php on line 88.
 1 APPPATH/Controllers/Compte.php(128): App\Models\Db_model->connect_compte()
 2 SYSTEMPATH/CodeIgniter.php(942): App\Controllers\Compte->connecter()
 3 SYSTEMPATH/CodeIgniter.php(502): CodeIgniter\CodeIgniter->runController()
 4 SYSTEMPATH/CodeIgniter.php(361): CodeIgniter\CodeIgniter->handleRequest()
 5 FCPATH/index.php(79): CodeIgniter\CodeIgniter->run()
CRITICAL - 2023-12-10 17:14:36 --> Undefined variable: db
in APPPATH/Models/Db_model.php on line 88.
 1 APPPATH/Models/Db_model.php(88): CodeIgniter\Debug\Exceptions->errorHandler()
 2 APPPATH/Controllers/Compte.php(128): App\Models\Db_model->connect_compte()
 3 SYSTEMPATH/CodeIgniter.php(942): App\Controllers\Compte->connecter()
 4 SYSTEMPATH/CodeIgniter.php(502): CodeIgniter\CodeIgniter->runController()
 5 SYSTEMPATH/CodeIgniter.php(361): CodeIgniter\CodeIgniter->handleRequest()
 6 FCPATH/index.php(79): CodeIgniter\CodeIgniter->run()
CRITICAL - 2023-12-10 17:15:28 --> Undefined variable: query_sel
in APPPATH/Models/Db_model.php on line 90.
 1 APPPATH/Models/Db_model.php(90): CodeIgniter\Debug\Exceptions->errorHandler()
 2 APPPATH/Controllers/Compte.php(128): App\Models\Db_model->connect_compte()
 3 SYSTEMPATH/CodeIgniter.php(942): App\Controllers\Compte->connecter()
 4 SYSTEMPATH/CodeIgniter.php(502): CodeIgniter\CodeIgniter->runController()
 5 SYSTEMPATH/CodeIgniter.php(361): CodeIgniter\CodeIgniter->handleRequest()
 6 FCPATH/index.php(79): CodeIgniter\CodeIgniter->run()
CRITICAL - 2023-12-10 17:15:41 --> Undefined property: CodeIgniter\Database\MySQLi\Result::$sel
in APPPATH/Models/Db_model.php on line 91.
 1 APPPATH/Models/Db_model.php(91): CodeIgniter\Debug\Exceptions->errorHandler()
 2 APPPATH/Controllers/Compte.php(128): App\Models\Db_model->connect_compte()
 3 SYSTEMPATH/CodeIgniter.php(942): App\Controllers\Compte->connecter()
 4 SYSTEMPATH/CodeIgniter.php(502): CodeIgniter\CodeIgniter->runController()
 5 SYSTEMPATH/CodeIgniter.php(361): CodeIgniter\CodeIgniter->handleRequest()
 6 FCPATH/index.php(79): CodeIgniter\CodeIgniter->run()
CRITICAL - 2023-12-10 17:16:48 --> Undefined property: CodeIgniter\Database\MySQLi\Result::$result
in APPPATH/Models/Db_model.php on line 90.
 1 APPPATH/Models/Db_model.php(90): CodeIgniter\Debug\Exceptions->errorHandler()
 2 APPPATH/Controllers/Compte.php(128): App\Models\Db_model->connect_compte()
 3 SYSTEMPATH/CodeIgniter.php(942): App\Controllers\Compte->connecter()
 4 SYSTEMPATH/CodeIgniter.php(502): CodeIgniter\CodeIgniter->runController()
 5 SYSTEMPATH/CodeIgniter.php(361): CodeIgniter\CodeIgniter->handleRequest()
 6 FCPATH/index.php(79): CodeIgniter\CodeIgniter->run()
INFO - 2023-12-10 17:18:20 --> Session: Class initialized using 'CodeIgniter\Session\Handlers\FileHandler' driver.
INFO - 2023-12-10 17:18:23 --> Session: Class initialized using 'CodeIgniter\Session\Handlers\FileHandler' driver.
INFO - 2023-12-10 17:18:26 --> Session: Class initialized using 'CodeIgniter\Session\Handlers\FileHandler' driver.
INFO - 2023-12-10 17:18:28 --> Session: Class initialized using 'CodeIgniter\Session\Handlers\FileHandler' driver.
INFO - 2023-12-10 17:18:29 --> Session: Class initialized using 'CodeIgniter\Session\Handlers\FileHandler' driver.
INFO - 2023-12-10 17:18:33 --> Session: Class initialized using 'CodeIgniter\Session\Handlers\FileHandler' driver.
INFO - 2023-12-10 17:18:36 --> Session: Class initialized using 'CodeIgniter\Session\Handlers\FileHandler' driver.
INFO - 2023-12-10 17:18:40 --> Session: Class initialized using 'CodeIgniter\Session\Handlers\FileHandler' driver.
INFO - 2023-12-10 17:18:43 --> Session: Class initialized using 'CodeIgniter\Session\Handlers\FileHandler' driver.
INFO - 2023-12-10 17:18:45 --> Session: Class initialized using 'CodeIgniter\Session\Handlers\FileHandler' driver.
INFO - 2023-12-10 17:18:53 --> Session: Class initialized using 'CodeIgniter\Session\Handlers\FileHandler' driver.
INFO - 2023-12-10 17:18:59 --> Session: Class initialized using 'CodeIgniter\Session\Handlers\FileHandler' driver.
INFO - 2023-12-10 17:19:08 --> Session: Class initialized using 'CodeIgniter\Session\Handlers\FileHandler' driver.
CRITICAL - 2023-12-10 17:19:08 --> Call to undefined method CodeIgniter\Database\MySQLi\Connection::get()
in APPPATH/Models/Db_model.php on line 119.
 1 APPPATH/Controllers/Compte.php(289): App\Models\Db_model->modificationmdp()
 2 SYSTEMPATH/CodeIgniter.php(942): App\Controllers\Compte->modification_profil()
 3 SYSTEMPATH/CodeIgniter.php(502): CodeIgniter\CodeIgniter->runController()
 4 SYSTEMPATH/CodeIgniter.php(361): CodeIgniter\CodeIgniter->handleRequest()
 5 FCPATH/index.php(79): CodeIgniter\CodeIgniter->run()
INFO - 2023-12-10 17:19:32 --> Session: Class initialized using 'CodeIgniter\Session\Handlers\FileHandler' driver.
INFO - 2023-12-10 17:19:43 --> Session: Class initialized using 'CodeIgniter\Session\Handlers\FileHandler' driver.
INFO - 2023-12-10 17:19:47 --> Session: Class initialized using 'CodeIgniter\Session\Handlers\FileHandler' driver.
INFO - 2023-12-10 17:19:48 --> Session: Class initialized using 'CodeIgniter\Session\Handlers\FileHandler' driver.
INFO - 2023-12-10 17:19:56 --> Session: Class initialized using 'CodeIgniter\Session\Handlers\FileHandler' driver.
INFO - 2023-12-10 17:19:58 --> Session: Class initialized using 'CodeIgniter\Session\Handlers\FileHandler' driver.
INFO - 2023-12-10 17:20:04 --> Session: Class initialized using 'CodeIgniter\Session\Handlers\FileHandler' driver.
INFO - 2023-12-10 17:20:07 --> Session: Class initialized using 'CodeIgniter\Session\Handlers\FileHandler' driver.
