ERROR - 2023-12-13 07:11:57 --> mysqli_sql_exception: You have an error in your SQL syntax; check the manual that corresponds to your MariaDB server version for the right syntax to use near 'eb5bbbe4','petit or','A','grenouille.jpg','vm34vm')' at line 2 in /home/2023DIFAL3/e21803762/public_html/V2/ci/system/Database/MySQLi/Connection.php:306
Stack trace:
#0 /home/2023DIFAL3/e21803762/public_html/V2/ci/system/Database/MySQLi/Connection.php(306): mysqli->query()
#1 /home/2023DIFAL3/e21803762/public_html/V2/ci/system/Database/BaseConnection.php(693): CodeIgniter\Database\MySQLi\Connection->execute()
#2 /home/2023DIFAL3/e21803762/public_html/V2/ci/system/Database/BaseConnection.php(607): CodeIgniter\Database\BaseConnection->simpleQuery()
#3 /home/2023DIFAL3/e21803762/public_html/V2/ci/app/Models/Db_model.php(162): CodeIgniter\Database\BaseConnection->query()
#4 /home/2023DIFAL3/e21803762/public_html/V2/ci/app/Controllers/Compte.php(446): App\Models\Db_model->add_jeux()
#5 /home/2023DIFAL3/e21803762/public_html/V2/ci/system/CodeIgniter.php(942): App\Controllers\Compte->creer_jeux()
#6 /home/2023DIFAL3/e21803762/public_html/V2/ci/system/CodeIgniter.php(502): CodeIgniter\CodeIgniter->runController()
#7 /home/2023DIFAL3/e21803762/public_html/V2/ci/system/CodeIgniter.php(361): CodeIgniter\CodeIgniter->handleRequest()
#8 /home/2023DIFAL3/e21803762/public_html/V2/ci/public/index.php(79): CodeIgniter\CodeIgniter->run()
#9 {main}
CRITICAL - 2023-12-13 07:11:57 --> chmod() has been disabled for security reasons
in SYSTEMPATH/Log/Handlers/FileHandler.php on line 119.
 1 [internal function]: CodeIgniter\Debug\Exceptions->errorHandler()
 2 SYSTEMPATH/Log/Handlers/FileHandler.php(119): chmod()
 3 SYSTEMPATH/Log/Logger.php(294): CodeIgniter\Log\Handlers\FileHandler->handle()
 4 SYSTEMPATH/Common.php(810): CodeIgniter\Log\Logger->log()
 5 SYSTEMPATH/Database/MySQLi/Connection.php(308): log_message()
 6 SYSTEMPATH/Database/BaseConnection.php(693): CodeIgniter\Database\MySQLi\Connection->execute()
 7 SYSTEMPATH/Database/BaseConnection.php(607): CodeIgniter\Database\BaseConnection->simpleQuery()
 8 APPPATH/Models/Db_model.php(162): CodeIgniter\Database\BaseConnection->query()
 9 APPPATH/Controllers/Compte.php(446): App\Models\Db_model->add_jeux()
10 SYSTEMPATH/CodeIgniter.php(942): App\Controllers\Compte->creer_jeux()
11 SYSTEMPATH/CodeIgniter.php(502): CodeIgniter\CodeIgniter->runController()
12 SYSTEMPATH/CodeIgniter.php(361): CodeIgniter\CodeIgniter->handleRequest()
13 FCPATH/index.php(79): CodeIgniter\CodeIgniter->run()
ERROR - 2023-12-13 07:12:00 --> mysqli_sql_exception: You have an error in your SQL syntax; check the manual that corresponds to your MariaDB server version for the right syntax to use near 'eb5bbbe4','petit or','A','grenouille.jpg','vm34vm')' at line 2 in /home/2023DIFAL3/e21803762/public_html/V2/ci/system/Database/MySQLi/Connection.php:306
Stack trace:
#0 /home/2023DIFAL3/e21803762/public_html/V2/ci/system/Database/MySQLi/Connection.php(306): mysqli->query()
#1 /home/2023DIFAL3/e21803762/public_html/V2/ci/system/Database/BaseConnection.php(693): CodeIgniter\Database\MySQLi\Connection->execute()
#2 /home/2023DIFAL3/e21803762/public_html/V2/ci/system/Database/BaseConnection.php(607): CodeIgniter\Database\BaseConnection->simpleQuery()
#3 /home/2023DIFAL3/e21803762/public_html/V2/ci/app/Models/Db_model.php(162): CodeIgniter\Database\BaseConnection->query()
#4 /home/2023DIFAL3/e21803762/public_html/V2/ci/app/Controllers/Compte.php(446): App\Models\Db_model->add_jeux()
#5 /home/2023DIFAL3/e21803762/public_html/V2/ci/system/CodeIgniter.php(942): App\Controllers\Compte->creer_jeux()
#6 /home/2023DIFAL3/e21803762/public_html/V2/ci/system/CodeIgniter.php(502): CodeIgniter\CodeIgniter->runController()
#7 /home/2023DIFAL3/e21803762/public_html/V2/ci/system/CodeIgniter.php(361): CodeIgniter\CodeIgniter->handleRequest()
#8 /home/2023DIFAL3/e21803762/public_html/V2/ci/public/index.php(79): CodeIgniter\CodeIgniter->run()
#9 {main}
CRITICAL - 2023-12-13 07:12:00 --> You have an error in your SQL syntax; check the manual that corresponds to your MariaDB server version for the right syntax to use near 'eb5bbbe4','petit or','A','grenouille.jpg','vm34vm')' at line 2
in SYSTEMPATH/Database/BaseConnection.php on line 647.
 1 APPPATH/Models/Db_model.php(162): CodeIgniter\Database\BaseConnection->query()
 2 APPPATH/Controllers/Compte.php(446): App\Models\Db_model->add_jeux()
 3 SYSTEMPATH/CodeIgniter.php(942): App\Controllers\Compte->creer_jeux()
 4 SYSTEMPATH/CodeIgniter.php(502): CodeIgniter\CodeIgniter->runController()
 5 SYSTEMPATH/CodeIgniter.php(361): CodeIgniter\CodeIgniter->handleRequest()
 6 FCPATH/index.php(79): CodeIgniter\CodeIgniter->run()
